<?xml version="1.0" encoding="UTF-8"?>
<!-- Generated by org.testng.reporters.JUnitReportReporter -->
<testsuite skipped="0" hostname="TYSS-Raghu" name="com.testngorderofexecution.TestNGOrderOfExecution" tests="2" failures="0" timestamp="2020-11-09T11:41:18 IST" time="0.013" errors="0">
  <testcase name="testMethod2" time="0.004" classname="com.testngorderofexecution.TestNGOrderOfExecution"/>
  <testcase name="testMethod1" time="0.009" classname="com.testngorderofexecution.TestNGOrderOfExecution"/>
</testsuite> <!-- com.testngorderofexecution.TestNGOrderOfExecution -->
