<?xml version="1.0" encoding="UTF-8"?>
<!-- Generated by org.testng.reporters.JUnitReportReporter -->
<testsuite skipped="0" hostname="TYSS-Raghu" name="com.elementsupload.ElementsUpload" tests="1" failures="0" timestamp="17 Nov 2020 14:01:46 GMT" time="1108.661" errors="0">
  <testcase name="test1" time="1108.661" classname="com.elementsupload.ElementsUpload"/>
</testsuite> <!-- com.elementsupload.ElementsUpload -->
