<?xml version="1.0" encoding="UTF-8"?>
<!-- Generated by org.testng.reporters.JUnitReportReporter -->
<testsuite skipped="0" hostname="TYSS-Raghu" name="com.elementsupload.ElementsUpload" tests="1" failures="0" timestamp="18 Nov 2020 05:22:45 GMT" time="1149.967" errors="0">
  <testcase name="test1" time="1149.967" classname="com.elementsupload.ElementsUpload"/>
</testsuite> <!-- com.elementsupload.ElementsUpload -->
