<?xml version="1.0" encoding="UTF-8"?>
<!-- Generated by org.testng.reporters.JUnitReportReporter -->
<testsuite skipped="0" hostname="TYSS-Raghu" name="com.testscripts.MobileWeb" tests="1" failures="0" timestamp="12 Nov 2020 10:31:33 GMT" time="44.040" errors="0">
  <testcase name="test1" time="44.040" classname="com.testscripts.MobileWeb"/>
</testsuite> <!-- com.testscripts.MobileWeb -->
