<?xml version="1.0" encoding="UTF-8"?>
<!-- Generated by org.testng.reporters.JUnitReportReporter -->
<testsuite skipped="0" hostname="TYSS-Raghu" name="com.testscripts.MobileWeb_FirefoxTesting" tests="1" failures="0" timestamp="10 Nov 2020 14:21:53 GMT" time="11.912" errors="0">
  <testcase name="test1" time="11.912" classname="com.testscripts.MobileWeb_FirefoxTesting"/>
</testsuite> <!-- com.testscripts.MobileWeb_FirefoxTesting -->
