<?xml version="1.0" encoding="UTF-8"?>
<!-- Generated by org.testng.reporters.JUnitReportReporter -->
<testsuite skipped="0" hostname="TYSS-Raghu" name="com.testscripts.TestingAPK" tests="1" failures="0" timestamp="09 Nov 2020 07:41:34 GMT" time="8.137" errors="0">
  <testcase name="test1" time="8.137" classname="com.testscripts.TestingAPK"/>
</testsuite> <!-- com.testscripts.TestingAPK -->
